2025-07-25 08:01:21.645 [info] Reading sessions from keychain...
2025-07-25 08:01:21.647 [info] Getting sessions for all scopes...
2025-07-25 08:01:21.647 [info] Got 0 sessions for ...
2025-07-25 08:01:21.647 [info] Getting sessions for read:user,repo,user:email,workflow...
2025-07-25 08:01:21.647 [info] Got 0 sessions for read:user,repo,user:email,workflow...
2025-07-25 08:01:26.042 [info] Logging in with 'any' account...
2025-07-25 08:01:26.042 [info] Logging in for the following scopes: read:user repo user:email workflow
2025-07-25 08:01:26.073 [info] Trying device code flow... (read:user repo user:email workflow)
2025-07-25 08:03:46.247 [error] Timed out
2025-07-25 08:03:52.299 [info] Trying to retrieve PAT... (read:user repo user:email workflow)
2025-07-25 08:04:48.132 [error] User Cancelled
2025-07-25 08:04:53.402 [info] Getting sessions for read:user,repo,user:email,workflow...
2025-07-25 08:04:53.402 [info] Got 0 sessions for read:user,repo,user:email,workflow...
2025-07-25 08:04:56.001 [info] Logging in with 'any' account...
2025-07-25 08:04:56.001 [info] Logging in for the following scopes: read:user repo user:email workflow
2025-07-25 08:04:56.015 [info] Trying device code flow... (read:user repo user:email workflow)
2025-07-25 08:05:45.520 [info] Getting user info...
2025-07-25 08:05:45.873 [info] Got account info!
2025-07-25 08:05:45.874 [info] Storing 1 sessions...
2025-07-25 08:05:45.918 [info] Reading sessions from keychain...
2025-07-25 08:05:45.918 [info] Stored 1 sessions!
2025-07-25 08:05:45.919 [info] Login success!
2025-07-25 08:05:46.212 [info] Got stored sessions!
2025-07-25 08:05:46.212 [info] Got 1 verified sessions.
2025-07-25 08:07:35.714 [info] Getting sessions for read:user,repo,user:email,workflow...
2025-07-25 08:07:35.714 [info] Got 1 sessions for read:user,repo,user:email,workflow...
